<?xml version="1.0" encoding="UTF-8"?>
<testsuite xmlns:xsi="http://www.w3.org/2001/XMLSchema-instance" xsi:noNamespaceSchemaLocation="https://maven.apache.org/surefire/maven-surefire-plugin/xsd/surefire-test-report-3.0.xsd" version="3.0" name="com.example.FinalDesdeCero.FinalDesdeCeroApplicationTests" time="5.402" tests="1" errors="0" skipped="0" failures="0">
  <properties>
[...]
</properties>
  <testcase name="contextLoads" classname="com.example.FinalDesdeCero.FinalDesdeCeroApplicationTests" time="1.593">
    <system-out><![CDATA[17:18:42.775 [main] INFO org.springframework.test.context.support.AnnotationConfigContextLoaderUtils -- Could not detect default configuration classes for test class [com.example.FinalDesdeCero.FinalDesdeCeroApplicationTests]: FinalDesdeCeroApplicationTests does not declare any static, non-private, non-final, nested classes annotated with @Configuration.
17:18:42.939 [main] INFO org.springframework.boot.test.context.SpringBootTestContextBootstrapper -- Found @SpringBootConfiguration com.example.FinalDesdeCero.FinalDesdeCeroApplication for test class com.example.FinalDesdeCero.FinalDesdeCeroApplicationTests

  .   ____          _            __ _ _
 /\\ / ___'_ __ _ _(_)_ __  __ _ \ \ \ \
( ( )\___ | '_ | '_| | '_ \/ _` | \ \ \ \
 \\/  ___)| |_)| | | | | || (_| |  ) ) ) )
  '  |____| .__|_| |_|_| |_\__, | / / / /
 =========|_|==============|___/=/_/_/_/
 :: Spring Boot ::                (v3.1.0)

2023-06-11T17:18:43.783-03:00  INFO 13148 --- [           main] c.e.F.FinalDesdeCeroApplicationTests     : Starting FinalDesdeCeroApplicationTests using Java 19 with PID 13148 (started by HP in C:\Users\HP\IdeaProjects\FinalDesdeCero)
2023-06-11T17:18:43.786-03:00  INFO 13148 --- [           main] c.e.F.FinalDesdeCeroApplicationTests     : No active profile set, falling back to 1 default profile: "default"
2023-06-11T17:18:46.106-03:00  WARN 13148 --- [           main] ion$DefaultTemplateResolverConfiguration : Cannot find template location: classpath:/templates/ (please add some templates, check your Thymeleaf configuration, or set spring.thymeleaf.check-template-location=false)
2023-06-11T17:18:46.249-03:00  INFO 13148 --- [           main] c.e.F.FinalDesdeCeroApplicationTests     : Started FinalDesdeCeroApplicationTests in 2.96 seconds (process running for 4.703)
]]></system-out>
  </testcase>
</testsuite>